{"/Users/carlosb/dev/interviews/osapiens/src/api/services/User/store.ts": {"path":"/Users/carlosb/dev/interviews/osapiens/src/api/services/User/store.ts","statementMap":{"0":{"start":{"line":12,"column":22},"end":{"line":12,"column":26}},"1":{"start":{"line":16,"column":4},"end":{"line":16,"column":29}},"2":{"start":{"line":21,"column":28},"end":{"line":33,"column":5}},"3":{"start":{"line":23,"column":8},"end":{"line":31,"column":9}},"4":{"start":{"line":25,"column":12},"end":{"line":29,"column":14}},"5":{"start":{"line":35,"column":4},"end":{"line":41,"column":5}},"6":{"start":{"line":36,"column":6},"end":{"line":40,"column":8}},"7":{"start":{"line":43,"column":4},"end":{"line":52,"column":5}},"8":{"start":{"line":44,"column":6},"end":{"line":46,"column":9}},"9":{"start":{"line":45,"column":8},"end":{"line":45,"column":27}},"10":{"start":{"line":48,"column":6},"end":{"line":51,"column":8}},"11":{"start":{"line":54,"column":4},"end":{"line":58,"column":6}}},"fnMap":{"0":{"name":"(anonymous_0)","decl":{"start":{"line":15,"column":2},"end":{"line":15,"column":3}},"loc":{"start":{"line":15,"column":16},"end":{"line":17,"column":3}},"line":15},"1":{"name":"(anonymous_1)","decl":{"start":{"line":20,"column":2},"end":{"line":20,"column":3}},"loc":{"start":{"line":20,"column":21},"end":{"line":59,"column":3}},"line":20},"2":{"name":"(anonymous_2)","decl":{"start":{"line":22,"column":18},"end":{"line":22,"column":19}},"loc":{"start":{"line":23,"column":8},"end":{"line":31,"column":9}},"line":23},"3":{"name":"(anonymous_3)","decl":{"start":{"line":24,"column":10},"end":{"line":24,"column":11}},"loc":{"start":{"line":25,"column":12},"end":{"line":29,"column":14}},"line":25},"4":{"name":"(anonymous_4)","decl":{"start":{"line":44,"column":18},"end":{"line":44,"column":19}},"loc":{"start":{"line":44,"column":24},"end":{"line":46,"column":7}},"line":44}},"branchMap":{"0":{"loc":{"start":{"line":35,"column":4},"end":{"line":41,"column":5}},"type":"if","locations":[{"start":{"line":35,"column":4},"end":{"line":41,"column":5}},{"start":{},"end":{}}],"line":35},"1":{"loc":{"start":{"line":43,"column":4},"end":{"line":52,"column":5}},"type":"if","locations":[{"start":{"line":43,"column":4},"end":{"line":52,"column":5}},{"start":{},"end":{}}],"line":43}},"s":{"0":3,"1":3,"2":3,"3":3,"4":1,"5":3,"6":1,"7":2,"8":1,"9":1,"10":1,"11":1},"f":{"0":3,"1":3,"2":3,"3":1,"4":1},"b":{"0":[1,2],"1":[1,1]},"_coverageSchema":"1a1c01bbd47fc00a2c39e90264f33305004495a9","hash":"3a937cb994996e17b01e4ba7845ee20f4a94c640"}
,"/Users/carlosb/dev/interviews/osapiens/src/components/AppHeader/index.tsx": {"path":"/Users/carlosb/dev/interviews/osapiens/src/components/AppHeader/index.tsx","statementMap":{"0":{"start":{"line":18,"column":18},"end":{"line":23,"column":1}},"1":{"start":{"line":25,"column":15},"end":{"line":30,"column":3}},"2":{"start":{"line":25,"column":62},"end":{"line":30,"column":1}},"3":{"start":{"line":32,"column":18},"end":{"line":129,"column":1}},"4":{"start":{"line":34,"column":32},"end":{"line":34,"column":37}},"5":{"start":{"line":35,"column":24},"end":{"line":35,"column":45}},"6":{"start":{"line":36,"column":18},"end":{"line":36,"column":28}},"7":{"start":{"line":37,"column":28},"end":{"line":37,"column":65}},"8":{"start":{"line":39,"column":33},"end":{"line":41,"column":5}},"9":{"start":{"line":40,"column":6},"end":{"line":40,"column":36}},"10":{"start":{"line":43,"column":30},"end":{"line":43,"column":41}},"11":{"start":{"line":44,"column":18},"end":{"line":44,"column":19}},"12":{"start":{"line":45,"column":20},"end":{"line":45,"column":30}},"13":{"start":{"line":46,"column":25},"end":{"line":46,"column":37}},"14":{"start":{"line":47,"column":22},"end":{"line":47,"column":55}},"15":{"start":{"line":48,"column":29},"end":{"line":48,"column":77}},"16":{"start":{"line":49,"column":29},"end":{"line":49,"column":65}},"17":{"start":{"line":51,"column":4},"end":{"line":59,"column":23}},"18":{"start":{"line":52,"column":25},"end":{"line":54,"column":14}},"19":{"start":{"line":53,"column":8},"end":{"line":53,"column":56}},"20":{"start":{"line":53,"column":25},"end":{"line":53,"column":53}},"21":{"start":{"line":56,"column":6},"end":{"line":58,"column":8}},"22":{"start":{"line":57,"column":8},"end":{"line":57,"column":41}},"23":{"start":{"line":61,"column":4},"end":{"line":127,"column":6}},"24":{"start":{"line":104,"column":33},"end":{"line":104,"column":59}},"25":{"start":{"line":111,"column":33},"end":{"line":111,"column":59}}},"fnMap":{"0":{"name":"(anonymous_0)","decl":{"start":{"line":25,"column":46},"end":{"line":25,"column":47}},"loc":{"start":{"line":25,"column":62},"end":{"line":30,"column":1}},"line":25},"1":{"name":"(anonymous_1)","decl":{"start":{"line":33,"column":2},"end":{"line":33,"column":3}},"loc":{"start":{"line":33,"column":18},"end":{"line":128,"column":3}},"line":33},"2":{"name":"(anonymous_2)","decl":{"start":{"line":39,"column":33},"end":{"line":39,"column":34}},"loc":{"start":{"line":39,"column":55},"end":{"line":41,"column":5}},"line":39},"3":{"name":"(anonymous_3)","decl":{"start":{"line":51,"column":14},"end":{"line":51,"column":15}},"loc":{"start":{"line":51,"column":20},"end":{"line":59,"column":5}},"line":51},"4":{"name":"(anonymous_4)","decl":{"start":{"line":52,"column":44},"end":{"line":52,"column":45}},"loc":{"start":{"line":52,"column":50},"end":{"line":54,"column":7}},"line":52},"5":{"name":"(anonymous_5)","decl":{"start":{"line":53,"column":17},"end":{"line":53,"column":18}},"loc":{"start":{"line":53,"column":25},"end":{"line":53,"column":53}},"line":53},"6":{"name":"(anonymous_6)","decl":{"start":{"line":56,"column":13},"end":{"line":56,"column":14}},"loc":{"start":{"line":56,"column":19},"end":{"line":58,"column":7}},"line":56},"7":{"name":"(anonymous_7)","decl":{"start":{"line":104,"column":27},"end":{"line":104,"column":28}},"loc":{"start":{"line":104,"column":33},"end":{"line":104,"column":59}},"line":104},"8":{"name":"(anonymous_8)","decl":{"start":{"line":111,"column":27},"end":{"line":111,"column":28}},"loc":{"start":{"line":111,"column":33},"end":{"line":111,"column":59}},"line":111}},"branchMap":{"0":{"loc":{"start":{"line":37,"column":29},"end":{"line":37,"column":50}},"type":"binary-expr","locations":[{"start":{"line":37,"column":29},"end":{"line":37,"column":42}},{"start":{"line":37,"column":46},"end":{"line":37,"column":50}}],"line":37},"1":{"loc":{"start":{"line":53,"column":25},"end":{"line":53,"column":53}},"type":"cond-expr","locations":[{"start":{"line":53,"column":44},"end":{"line":53,"column":49}},{"start":{"line":53,"column":52},"end":{"line":53,"column":53}}],"line":53},"2":{"loc":{"start":{"line":103,"column":27},"end":{"line":103,"column":74}},"type":"cond-expr","locations":[{"start":{"line":103,"column":54},"end":{"line":103,"column":65}},{"start":{"line":103,"column":68},"end":{"line":103,"column":74}}],"line":103},"3":{"loc":{"start":{"line":110,"column":27},"end":{"line":110,"column":74}},"type":"cond-expr","locations":[{"start":{"line":110,"column":54},"end":{"line":110,"column":65}},{"start":{"line":110,"column":68},"end":{"line":110,"column":74}}],"line":110},"4":{"loc":{"start":{"line":116,"column":15},"end":{"line":122,"column":15}},"type":"binary-expr","locations":[{"start":{"line":116,"column":15},"end":{"line":116,"column":19}},{"start":{"line":116,"column":23},"end":{"line":116,"column":33}},{"start":{"line":117,"column":16},"end":{"line":121,"column":23}}],"line":116},"5":{"loc":{"start":{"line":117,"column":34},"end":{"line":117,"column":52}},"type":"binary-expr","locations":[{"start":{"line":117,"column":34},"end":{"line":117,"column":38}},{"start":{"line":117,"column":42},"end":{"line":117,"column":52}}],"line":117}},"s":{"0":1,"1":1,"2":6,"3":1,"4":6,"5":6,"6":6,"7":6,"8":6,"9":1,"10":6,"11":6,"12":6,"13":6,"14":6,"15":6,"16":6,"17":6,"18":5,"19":3601,"20":3601,"21":5,"22":5,"23":6,"24":0,"25":1},"f":{"0":6,"1":6,"2":1,"3":5,"4":3601,"5":3601,"6":5,"7":0,"8":1},"b":{"0":[6,0],"1":[3600,1],"2":[6,0],"3":[0,6],"4":[6,6,5],"5":[5,5]},"_coverageSchema":"1a1c01bbd47fc00a2c39e90264f33305004495a9","hash":"d76431e6acde22829d8fae22f620ede92cc17024"}
,"/Users/carlosb/dev/interviews/osapiens/src/components/AvatarMenu/index.tsx": {"path":"/Users/carlosb/dev/interviews/osapiens/src/components/AvatarMenu/index.tsx","statementMap":{"0":{"start":{"line":22,"column":20},"end":{"line":30,"column":1}},"1":{"start":{"line":23,"column":2},"end":{"line":28,"column":3}},"2":{"start":{"line":24,"column":21},"end":{"line":26,"column":15}},"3":{"start":{"line":25,"column":19},"end":{"line":25,"column":57}},"4":{"start":{"line":27,"column":4},"end":{"line":27,"column":20}},"5":{"start":{"line":29,"column":2},"end":{"line":29,"column":12}},"6":{"start":{"line":32,"column":21},"end":{"line":44,"column":1}},"7":{"start":{"line":33,"column":19},"end":{"line":33,"column":36}},"8":{"start":{"line":35,"column":12},"end":{"line":35,"column":73}},"9":{"start":{"line":36,"column":12},"end":{"line":36,"column":73}},"10":{"start":{"line":37,"column":12},"end":{"line":39,"column":3}},"11":{"start":{"line":40,"column":2},"end":{"line":43,"column":4}},"12":{"start":{"line":46,"column":19},"end":{"line":148,"column":1}},"13":{"start":{"line":47,"column":19},"end":{"line":47,"column":24}},"14":{"start":{"line":48,"column":16},"end":{"line":48,"column":26}},"15":{"start":{"line":49,"column":16},"end":{"line":49,"column":37}},"16":{"start":{"line":50,"column":34},"end":{"line":50,"column":74}},"17":{"start":{"line":51,"column":15},"end":{"line":51,"column":32}},"18":{"start":{"line":52,"column":22},"end":{"line":54,"column":3}},"19":{"start":{"line":53,"column":4},"end":{"line":53,"column":37}},"20":{"start":{"line":55,"column":22},"end":{"line":57,"column":3}},"21":{"start":{"line":56,"column":4},"end":{"line":56,"column":22}},"22":{"start":{"line":60,"column":2},"end":{"line":147,"column":4}},"23":{"start":{"line":115,"column":35},"end":{"line":115,"column":56}}},"fnMap":{"0":{"name":"(anonymous_0)","decl":{"start":{"line":22,"column":20},"end":{"line":22,"column":21}},"loc":{"start":{"line":22,"column":36},"end":{"line":30,"column":1}},"line":22},"1":{"name":"(anonymous_1)","decl":{"start":{"line":25,"column":11},"end":{"line":25,"column":12}},"loc":{"start":{"line":25,"column":19},"end":{"line":25,"column":57}},"line":25},"2":{"name":"(anonymous_2)","decl":{"start":{"line":32,"column":21},"end":{"line":32,"column":22}},"loc":{"start":{"line":32,"column":37},"end":{"line":44,"column":1}},"line":32},"3":{"name":"(anonymous_3)","decl":{"start":{"line":46,"column":19},"end":{"line":46,"column":20}},"loc":{"start":{"line":46,"column":47},"end":{"line":148,"column":1}},"line":46},"4":{"name":"(anonymous_4)","decl":{"start":{"line":52,"column":22},"end":{"line":52,"column":23}},"loc":{"start":{"line":52,"column":64},"end":{"line":54,"column":3}},"line":52},"5":{"name":"(anonymous_5)","decl":{"start":{"line":55,"column":22},"end":{"line":55,"column":23}},"loc":{"start":{"line":55,"column":28},"end":{"line":57,"column":3}},"line":55},"6":{"name":"(anonymous_6)","decl":{"start":{"line":115,"column":29},"end":{"line":115,"column":30}},"loc":{"start":{"line":115,"column":35},"end":{"line":115,"column":56}},"line":115}},"branchMap":{"0":{"loc":{"start":{"line":23,"column":2},"end":{"line":28,"column":3}},"type":"if","locations":[{"start":{"line":23,"column":2},"end":{"line":28,"column":3}},{"start":{},"end":{}}],"line":23},"1":{"loc":{"start":{"line":23,"column":6},"end":{"line":23,"column":37}},"type":"binary-expr","locations":[{"start":{"line":23,"column":6},"end":{"line":23,"column":20}},{"start":{"line":23,"column":24},"end":{"line":23,"column":37}}],"line":23},"2":{"loc":{"start":{"line":25,"column":19},"end":{"line":25,"column":57}},"type":"cond-expr","locations":[{"start":{"line":25,"column":28},"end":{"line":25,"column":52}},{"start":{"line":25,"column":55},"end":{"line":25,"column":57}}],"line":25},"3":{"loc":{"start":{"line":35,"column":32},"end":{"line":35,"column":63}},"type":"cond-expr","locations":[{"start":{"line":35,"column":46},"end":{"line":35,"column":57}},{"start":{"line":35,"column":60},"end":{"line":35,"column":63}}],"line":35},"4":{"loc":{"start":{"line":36,"column":32},"end":{"line":36,"column":63}},"type":"cond-expr","locations":[{"start":{"line":36,"column":46},"end":{"line":36,"column":57}},{"start":{"line":36,"column":60},"end":{"line":36,"column":63}}],"line":36},"5":{"loc":{"start":{"line":38,"column":13},"end":{"line":38,"column":59}},"type":"cond-expr","locations":[{"start":{"line":38,"column":36},"end":{"line":38,"column":53}},{"start":{"line":38,"column":56},"end":{"line":38,"column":59}}],"line":38}},"s":{"0":1,"1":4,"2":3,"3":6,"4":3,"5":1,"6":1,"7":4,"8":4,"9":4,"10":4,"11":4,"12":1,"13":4,"14":4,"15":4,"16":4,"17":4,"18":4,"19":1,"20":4,"21":0,"22":4,"23":0},"f":{"0":4,"1":6,"2":4,"3":4,"4":1,"5":0,"6":0},"b":{"0":[3,1],"1":[4,1],"2":[6,0],"3":[3,1],"4":[3,1],"5":[3,1]},"_coverageSchema":"1a1c01bbd47fc00a2c39e90264f33305004495a9","hash":"c5736d0501a9cc4dc873696cf360676974341bbb"}
,"/Users/carlosb/dev/interviews/osapiens/src/pages/AccessDenied/index.tsx": {"path":"/Users/carlosb/dev/interviews/osapiens/src/pages/AccessDenied/index.tsx","statementMap":{"0":{"start":{"line":10,"column":18},"end":{"line":18,"column":3}},"1":{"start":{"line":10,"column":48},"end":{"line":18,"column":1}},"2":{"start":{"line":19,"column":31},"end":{"line":52,"column":1}},"3":{"start":{"line":20,"column":16},"end":{"line":20,"column":37}},"4":{"start":{"line":21,"column":16},"end":{"line":21,"column":26}},"5":{"start":{"line":23,"column":16},"end":{"line":23,"column":40}},"6":{"start":{"line":25,"column":2},"end":{"line":31,"column":9}},"7":{"start":{"line":27,"column":4},"end":{"line":29,"column":6}},"8":{"start":{"line":35,"column":23},"end":{"line":35,"column":31}},"9":{"start":{"line":37,"column":2},"end":{"line":51,"column":4}}},"fnMap":{"0":{"name":"(anonymous_0)","decl":{"start":{"line":10,"column":32},"end":{"line":10,"column":33}},"loc":{"start":{"line":10,"column":48},"end":{"line":18,"column":1}},"line":10},"1":{"name":"(anonymous_1)","decl":{"start":{"line":19,"column":31},"end":{"line":19,"column":32}},"loc":{"start":{"line":19,"column":37},"end":{"line":52,"column":1}},"line":19},"2":{"name":"(anonymous_2)","decl":{"start":{"line":25,"column":18},"end":{"line":25,"column":19}},"loc":{"start":{"line":25,"column":24},"end":{"line":31,"column":3}},"line":25},"3":{"name":"(anonymous_3)","decl":{"start":{"line":27,"column":11},"end":{"line":27,"column":12}},"loc":{"start":{"line":27,"column":17},"end":{"line":29,"column":5}},"line":27},"4":{"name":"(anonymous_4)","decl":{"start":{"line":35,"column":23},"end":{"line":35,"column":24}},"loc":{"start":{"line":35,"column":29},"end":{"line":35,"column":31}},"line":35}},"branchMap":{},"s":{"0":1,"1":2,"2":1,"3":2,"4":2,"5":2,"6":2,"7":2,"8":2,"9":2},"f":{"0":2,"1":2,"2":2,"3":2,"4":1},"b":{},"_coverageSchema":"1a1c01bbd47fc00a2c39e90264f33305004495a9","hash":"92ef9186ad456c37565a98b041e3e6e3e3483968"}
,"/Users/carlosb/dev/interviews/osapiens/src/pages/Home/index.tsx": {"path":"/Users/carlosb/dev/interviews/osapiens/src/pages/Home/index.tsx","statementMap":{"0":{"start":{"line":9,"column":13},"end":{"line":72,"column":1}},"1":{"start":{"line":10,"column":16},"end":{"line":10,"column":37}},"2":{"start":{"line":11,"column":17},"end":{"line":42,"column":3}},"3":{"start":{"line":44,"column":2},"end":{"line":71,"column":4}},"4":{"start":{"line":58,"column":12},"end":{"line":66,"column":23}}},"fnMap":{"0":{"name":"(anonymous_0)","decl":{"start":{"line":9,"column":13},"end":{"line":9,"column":14}},"loc":{"start":{"line":9,"column":19},"end":{"line":72,"column":1}},"line":9},"1":{"name":"(anonymous_1)","decl":{"start":{"line":57,"column":22},"end":{"line":57,"column":23}},"loc":{"start":{"line":58,"column":12},"end":{"line":66,"column":23}},"line":58}},"branchMap":{},"s":{"0":1,"1":3,"2":3,"3":3,"4":15},"f":{"0":3,"1":15},"b":{},"_coverageSchema":"1a1c01bbd47fc00a2c39e90264f33305004495a9","hash":"7f82021b17a259e91e75dc3611400aac4bf4dca2"}
,"/Users/carlosb/dev/interviews/osapiens/src/utils/global.ts": {"path":"/Users/carlosb/dev/interviews/osapiens/src/utils/global.ts","statementMap":{"0":{"start":{"line":3,"column":29},"end":{"line":12,"column":1}},"1":{"start":{"line":6,"column":2},"end":{"line":11,"column":3}},"2":{"start":{"line":7,"column":19},"end":{"line":7,"column":32}},"3":{"start":{"line":8,"column":4},"end":{"line":8,"column":26}},"4":{"start":{"line":10,"column":4},"end":{"line":10,"column":79}}},"fnMap":{"0":{"name":"(anonymous_0)","decl":{"start":{"line":3,"column":29},"end":{"line":3,"column":30}},"loc":{"start":{"line":5,"column":42},"end":{"line":12,"column":1}},"line":5}},"branchMap":{"0":{"loc":{"start":{"line":10,"column":18},"end":{"line":10,"column":77}},"type":"cond-expr","locations":[{"start":{"line":10,"column":43},"end":{"line":10,"column":48}},{"start":{"line":10,"column":51},"end":{"line":10,"column":77}}],"line":10}},"s":{"0":2,"1":4,"2":4,"3":2,"4":2},"f":{"0":4},"b":{"0":[1,1]},"_coverageSchema":"1a1c01bbd47fc00a2c39e90264f33305004495a9","hash":"2f5ebcf9a71d7e92eec5d9a1802028fd626eaa05"}
,"/Users/carlosb/dev/interviews/osapiens/src/utils/router.ts": {"path":"/Users/carlosb/dev/interviews/osapiens/src/utils/router.ts","statementMap":{"0":{"start":{"line":3,"column":30},"end":{"line":19,"column":1}},"1":{"start":{"line":4,"column":2},"end":{"line":4,"column":48}},"2":{"start":{"line":4,"column":35},"end":{"line":4,"column":48}},"3":{"start":{"line":6,"column":19},"end":{"line":6,"column":47}},"4":{"start":{"line":9,"column":25},"end":{"line":12,"column":28}},"5":{"start":{"line":11,"column":19},"end":{"line":11,"column":36}},"6":{"start":{"line":12,"column":16},"end":{"line":12,"column":27}},"7":{"start":{"line":14,"column":2},"end":{"line":16,"column":3}},"8":{"start":{"line":15,"column":4},"end":{"line":15,"column":43}},"9":{"start":{"line":15,"column":30},"end":{"line":15,"column":43}},"10":{"start":{"line":18,"column":2},"end":{"line":18,"column":14}},"11":{"start":{"line":22,"column":24},"end":{"line":33,"column":1}},"12":{"start":{"line":23,"column":20},"end":{"line":23,"column":24}},"13":{"start":{"line":26,"column":44},"end":{"line":26,"column":50}},"14":{"start":{"line":28,"column":2},"end":{"line":30,"column":3}},"15":{"start":{"line":29,"column":4},"end":{"line":29,"column":48}},"16":{"start":{"line":32,"column":2},"end":{"line":32,"column":13}}},"fnMap":{"0":{"name":"(anonymous_0)","decl":{"start":{"line":3,"column":30},"end":{"line":3,"column":31}},"loc":{"start":{"line":3,"column":65},"end":{"line":19,"column":1}},"line":3},"1":{"name":"(anonymous_1)","decl":{"start":{"line":11,"column":12},"end":{"line":11,"column":13}},"loc":{"start":{"line":11,"column":19},"end":{"line":11,"column":36}},"line":11},"2":{"name":"(anonymous_2)","decl":{"start":{"line":12,"column":9},"end":{"line":12,"column":10}},"loc":{"start":{"line":12,"column":16},"end":{"line":12,"column":27}},"line":12},"3":{"name":"(anonymous_3)","decl":{"start":{"line":22,"column":24},"end":{"line":22,"column":25}},"loc":{"start":{"line":22,"column":70},"end":{"line":33,"column":1}},"line":22}},"branchMap":{"0":{"loc":{"start":{"line":4,"column":2},"end":{"line":4,"column":48}},"type":"if","locations":[{"start":{"line":4,"column":2},"end":{"line":4,"column":48}},{"start":{},"end":{}}],"line":4},"1":{"loc":{"start":{"line":15,"column":4},"end":{"line":15,"column":43}},"type":"if","locations":[{"start":{"line":15,"column":4},"end":{"line":15,"column":43}},{"start":{},"end":{}}],"line":15}},"s":{"0":1,"1":3,"2":1,"3":2,"4":2,"5":10,"6":4,"7":2,"8":4,"9":1,"10":1,"11":1,"12":2,"13":2,"14":2,"15":2,"16":2},"f":{"0":3,"1":10,"2":4,"3":2},"b":{"0":[1,2],"1":[1,3]},"_coverageSchema":"1a1c01bbd47fc00a2c39e90264f33305004495a9","hash":"e0b62937d792534f3321f7416def60001ebea562"}
}
