TN:
SF:src/api/services/User/store.ts
FN:15,(anonymous_0)
FN:20,(anonymous_1)
FN:22,(anonymous_2)
FN:24,(anonymous_3)
FN:44,(anonymous_4)
FNF:5
FNH:5
FNDA:3,(anonymous_0)
FNDA:3,(anonymous_1)
FNDA:3,(anonymous_2)
FNDA:1,(anonymous_3)
FNDA:1,(anonymous_4)
DA:12,3
DA:16,3
DA:21,3
DA:23,3
DA:25,1
DA:35,3
DA:36,1
DA:43,2
DA:44,1
DA:45,1
DA:48,1
DA:54,1
LF:12
LH:12
BRDA:35,0,0,1
BRDA:35,0,1,2
BRDA:43,1,0,1
BRDA:43,1,1,1
BRF:4
BRH:4
end_of_record
TN:
SF:src/components/AppHeader/index.tsx
FN:25,(anonymous_0)
FN:33,(anonymous_1)
FN:39,(anonymous_2)
FN:51,(anonymous_3)
FN:52,(anonymous_4)
FN:53,(anonymous_5)
FN:56,(anonymous_6)
FN:104,(anonymous_7)
FN:111,(anonymous_8)
FNF:9
FNH:8
FNDA:6,(anonymous_0)
FNDA:6,(anonymous_1)
FNDA:1,(anonymous_2)
FNDA:5,(anonymous_3)
FNDA:3601,(anonymous_4)
FNDA:3601,(anonymous_5)
FNDA:5,(anonymous_6)
FNDA:0,(anonymous_7)
FNDA:1,(anonymous_8)
DA:18,1
DA:25,6
DA:32,1
DA:34,6
DA:35,6
DA:36,6
DA:37,6
DA:39,6
DA:40,1
DA:43,6
DA:44,6
DA:45,6
DA:46,6
DA:47,6
DA:48,6
DA:49,6
DA:51,6
DA:52,5
DA:53,3601
DA:56,5
DA:57,5
DA:61,6
DA:104,0
DA:111,1
LF:24
LH:23
BRDA:37,0,0,6
BRDA:37,0,1,0
BRDA:53,1,0,3600
BRDA:53,1,1,1
BRDA:103,2,0,6
BRDA:103,2,1,0
BRDA:110,3,0,0
BRDA:110,3,1,6
BRDA:116,4,0,6
BRDA:116,4,1,6
BRDA:116,4,2,5
BRDA:117,5,0,5
BRDA:117,5,1,5
BRF:13
BRH:10
end_of_record
TN:
SF:src/components/AvatarMenu/index.tsx
FN:22,(anonymous_0)
FN:25,(anonymous_1)
FN:32,(anonymous_2)
FN:46,(anonymous_3)
FN:52,(anonymous_4)
FN:55,(anonymous_5)
FN:115,(anonymous_6)
FNF:7
FNH:5
FNDA:4,(anonymous_0)
FNDA:6,(anonymous_1)
FNDA:4,(anonymous_2)
FNDA:4,(anonymous_3)
FNDA:1,(anonymous_4)
FNDA:0,(anonymous_5)
FNDA:0,(anonymous_6)
DA:22,1
DA:23,4
DA:24,3
DA:25,6
DA:27,3
DA:29,1
DA:32,1
DA:33,4
DA:35,4
DA:36,4
DA:37,4
DA:40,4
DA:46,1
DA:47,4
DA:48,4
DA:49,4
DA:50,4
DA:51,4
DA:52,4
DA:53,1
DA:55,4
DA:56,0
DA:60,4
DA:115,0
LF:24
LH:22
BRDA:23,0,0,3
BRDA:23,0,1,1
BRDA:23,1,0,4
BRDA:23,1,1,1
BRDA:25,2,0,6
BRDA:25,2,1,0
BRDA:35,3,0,3
BRDA:35,3,1,1
BRDA:36,4,0,3
BRDA:36,4,1,1
BRDA:38,5,0,3
BRDA:38,5,1,1
BRF:12
BRH:11
end_of_record
TN:
SF:src/pages/AccessDenied/index.tsx
FN:10,(anonymous_0)
FN:19,(anonymous_1)
FN:25,(anonymous_2)
FN:27,(anonymous_3)
FN:35,(anonymous_4)
FNF:5
FNH:5
FNDA:2,(anonymous_0)
FNDA:2,(anonymous_1)
FNDA:2,(anonymous_2)
FNDA:2,(anonymous_3)
FNDA:1,(anonymous_4)
DA:10,2
DA:19,1
DA:20,2
DA:21,2
DA:23,2
DA:25,2
DA:27,2
DA:35,2
DA:37,2
LF:9
LH:9
BRF:0
BRH:0
end_of_record
TN:
SF:src/pages/Home/index.tsx
FN:9,(anonymous_0)
FN:57,(anonymous_1)
FNF:2
FNH:2
FNDA:3,(anonymous_0)
FNDA:15,(anonymous_1)
DA:9,1
DA:10,3
DA:11,3
DA:44,3
DA:58,15
LF:5
LH:5
BRF:0
BRH:0
end_of_record
TN:
SF:src/utils/global.ts
FN:3,(anonymous_0)
FNF:1
FNH:1
FNDA:4,(anonymous_0)
DA:3,2
DA:6,4
DA:7,4
DA:8,2
DA:10,2
LF:5
LH:5
BRDA:10,0,0,1
BRDA:10,0,1,1
BRF:2
BRH:2
end_of_record
TN:
SF:src/utils/router.ts
FN:3,(anonymous_0)
FN:11,(anonymous_1)
FN:12,(anonymous_2)
FN:22,(anonymous_3)
FNF:4
FNH:4
FNDA:3,(anonymous_0)
FNDA:10,(anonymous_1)
FNDA:4,(anonymous_2)
FNDA:2,(anonymous_3)
DA:3,1
DA:4,3
DA:6,2
DA:9,2
DA:11,10
DA:12,4
DA:14,2
DA:15,4
DA:18,1
DA:22,1
DA:23,2
DA:26,2
DA:28,2
DA:29,2
DA:32,2
LF:15
LH:15
BRDA:4,0,0,1
BRDA:4,0,1,2
BRDA:15,1,0,1
BRDA:15,1,1,3
BRF:4
BRH:4
end_of_record
